# JRE version: OpenJDK Runtime Environment Microsoft-8035246 (17.0.8+7) (build 17.0.8+7-LTS)
# Java VM: OpenJDK 64-Bit Server VM Microsoft-8035246 (17.0.8+7-LTS, mixed mode, sharing, tiered, compressed oops, compressed class ptrs, g1 gc, windows-amd64)
GC Precious Log:
 CPUs: 8 total, 8 available
 Memory: 16126M
 Large Page Support: Disabled
 NUMA Support: Disabled
 Compressed Oops: Enabled (32-bit)
 Heap Region Size: 1M
 Heap Min Capacity: 8M
 Heap Initial Capacity: 252M
 Heap Max Capacity: 2G
 Pre-touch: Disabled
 Parallel Workers: 8
 Concurrent Workers: 2
 Concurrent Refinement Workers: 8
 Periodic GC: Disabled
Heap:
 garbage-first heap   total 104448K, used 73102K [0x0000000080000000, 0x0000000100000000)
  region size 1024K, 17 young (17408K), 1 survivors (1024K)
 Metaspace       used 58511K, committed 59136K, reserved 491520K
  class space    used 8172K, committed 8448K, reserved 425984K
GC Heap History (20 events):
Event: 6.920 GC heap before
{Heap before GC invocations=10 (full 0):
 garbage-first heap   total 81920K, used 61756K [0x0000000080000000, 0x0000000100000000)
  region size 1024K, 30 young (30720K), 3 survivors (3072K)
 Metaspace       used 41950K, committed 42432K, reserved 491520K
  class space    used 5863K, committed 6080K, reserved 425984K
}
Event: 6.924 GC heap after
{Heap after GC invocations=11 (full 0):
 garbage-first heap   total 81920K, used 37069K [0x0000000080000000, 0x0000000100000000)
  region size 1024K, 4 young (4096K), 4 survivors (4096K)
 Metaspace       used 41950K, committed 42432K, reserved 491520K
  class space    used 5863K, committed 6080K, reserved 425984K
}
Event: 7.059 GC heap before
{Heap before GC invocations=11 (full 0):
 garbage-first heap   total 81920K, used 43213K [0x0000000080000000, 0x0000000100000000)
  region size 1024K, 9 young (9216K), 4 survivors (4096K)
 Metaspace       used 42116K, committed 42624K, reserved 491520K
  class space    used 5880K, committed 6080K, reserved 425984K
}
Event: 7.065 GC heap after
{Heap after GC invocations=12 (full 0):
 garbage-first heap   total 81920K, used 40331K [0x0000000080000000, 0x0000000100000000)
  region size 1024K, 4 young (4096K), 4 survivors (4096K)
 Metaspace       used 42116K, committed 42624K, reserved 491520K
  class space    used 5880K, committed 6080K, reserved 425984K
}
Event: 7.483 GC heap before
{Heap before GC invocations=13 (full 0):
 garbage-first heap   total 81920K, used 61835K [0x0000000080000000, 0x0000000100000000)
  region size 1024K, 22 young (22528K), 4 survivors (4096K)
 Metaspace       used 44981K, committed 45504K, reserved 491520K
  class space    used 6243K, committed 6464K, reserved 425984K
}
Event: 7.488 GC heap after
{Heap after GC invocations=14 (full 0):
 garbage-first heap   total 81920K, used 46781K [0x0000000080000000, 0x0000000100000000)
  region size 1024K, 3 young (3072K), 3 survivors (3072K)
 Metaspace       used 44981K, committed 45504K, reserved 491520K
  class space    used 6243K, committed 6464K, reserved 425984K
}
Event: 7.802 GC heap before
{Heap before GC invocations=14 (full 0):
 garbage-first heap   total 81920K, used 63165K [0x0000000080000000, 0x0000000100000000)
  region size 1024K, 19 young (19456K), 3 survivors (3072K)
 Metaspace       used 46845K, committed 47488K, reserved 491520K
  class space    used 6549K, committed 6848K, reserved 425984K
}
Event: 7.807 GC heap after
{Heap after GC invocations=15 (full 0):
 garbage-first heap   total 98304K, used 47796K [0x0000000080000000, 0x0000000100000000)
  region size 1024K, 1 young (1024K), 1 survivors (1024K)
 Metaspace       used 46845K, committed 47488K, reserved 491520K
  class space    used 6549K, committed 6848K, reserved 425984K
}
Event: 8.335 GC heap before
{Heap before GC invocations=16 (full 0):
 garbage-first heap   total 98304K, used 71348K [0x0000000080000000, 0x0000000100000000)
  region size 1024K, 24 young (24576K), 1 survivors (1024K)
 Metaspace       used 49373K, committed 49984K, reserved 491520K
  class space    used 6912K, committed 7232K, reserved 425984K
}
Event: 8.340 GC heap after
{Heap after GC invocations=17 (full 0):
 garbage-first heap   total 98304K, used 49007K [0x0000000080000000, 0x0000000100000000)
  region size 1024K, 3 young (3072K), 3 survivors (3072K)
 Metaspace       used 49373K, committed 49984K, reserved 491520K
  class space    used 6912K, committed 7232K, reserved 425984K
}
Event: 8.741 GC heap before
{Heap before GC invocations=17 (full 0):
 garbage-first heap   total 98304K, used 72559K [0x0000000080000000, 0x0000000100000000)
  region size 1024K, 26 young (26624K), 3 survivors (3072K)
 Metaspace       used 52289K, committed 52928K, reserved 491520K
  class space    used 7302K, committed 7616K, reserved 425984K
}
Event: 8.746 GC heap after
{Heap after GC invocations=18 (full 0):
 garbage-first heap   total 98304K, used 50672K [0x0000000080000000, 0x0000000100000000)
  region size 1024K, 4 young (4096K), 4 survivors (4096K)
 Metaspace       used 52289K, committed 52928K, reserved 491520K
  class space    used 7302K, committed 7616K, reserved 425984K
}
Event: 9.153 GC heap before
{Heap before GC invocations=19 (full 0):
 garbage-first heap   total 98304K, used 74224K [0x0000000080000000, 0x0000000100000000)
  region size 1024K, 28 young (28672K), 4 survivors (4096K)
 Metaspace       used 54007K, committed 54656K, reserved 491520K
  class space    used 7516K, committed 7808K, reserved 425984K
}
Event: 9.163 GC heap after
{Heap after GC invocations=20 (full 0):
 garbage-first heap   total 98304K, used 53743K [0x0000000080000000, 0x0000000100000000)
  region size 1024K, 4 young (4096K), 4 survivors (4096K)
 Metaspace       used 54007K, committed 54656K, reserved 491520K
  class space    used 7516K, committed 7808K, reserved 425984K
}
Event: 9.726 GC heap before
{Heap before GC invocations=20 (full 0):
 garbage-first heap   total 98304K, used 76271K [0x0000000080000000, 0x0000000100000000)
  region size 1024K, 26 young (26624K), 4 survivors (4096K)
 Metaspace       used 56067K, committed 56704K, reserved 491520K
  class space    used 7813K, committed 8128K, reserved 425984K
}
Event: 9.734 GC heap after
{Heap after GC invocations=21 (full 0):
 garbage-first heap   total 98304K, used 55869K [0x0000000080000000, 0x0000000100000000)
  region size 1024K, 2 young (2048K), 2 survivors (2048K)
 Metaspace       used 56067K, committed 56704K, reserved 491520K
  class space    used 7813K, committed 8128K, reserved 425984K
}
Event: 10.207 GC heap before
{Heap before GC invocations=22 (full 0):
 garbage-first heap   total 104448K, used 77373K [0x0000000080000000, 0x0000000100000000)
  region size 1024K, 23 young (23552K), 2 survivors (2048K)
 Metaspace       used 57431K, committed 58048K, reserved 491520K
  class space    used 8046K, committed 8320K, reserved 425984K
}
Event: 10.214 GC heap after
{Heap after GC invocations=23 (full 0):
 garbage-first heap   total 104448K, used 57307K [0x0000000080000000, 0x0000000100000000)
  region size 1024K, 2 young (2048K), 2 survivors (2048K)
 Metaspace       used 57431K, committed 58048K, reserved 491520K
  class space    used 8046K, committed 8320K, reserved 425984K
}
Event: 10.370 GC heap before
{Heap before GC invocations=23 (full 0):
 garbage-first heap   total 104448K, used 60379K [0x0000000080000000, 0x0000000100000000)
  region size 1024K, 5 young (5120K), 2 survivors (2048K)
 Metaspace       used 57587K, committed 58240K, reserved 491520K
  class space    used 8064K, committed 8384K, reserved 425984K
}
Event: 10.375 GC heap after
{Heap after GC invocations=24 (full 0):
 garbage-first heap   total 104448K, used 57742K [0x0000000080000000, 0x0000000100000000)
  region size 1024K, 1 young (1024K), 1 survivors (1024K)
 Metaspace       used 57587K, committed 58240K, reserved 491520K
  class space    used 8064K, committed 8384K, reserved 425984K
}

